Flutter crash report.
Please report a bug at https://github.com/flutter/flutter/issues.

## command

flutter create watertracker

## exception

PathAccessException: PathAccessException: Deletion failed, path = 'C:\Users\riley\OneDrive\1. All Files (Personal)\Documents\lecture\watertracker\ios\Flutter\AppFrameworkInfo.plist' (OS Error: The process cannot access the file because it is being used by another process.
, errno = 32)

```
#0      _Directory._deleteSync (dart:io/directory_impl.dart:188:7)
#1      FileSystemEntity.deleteSync (dart:io/file_system_entity.dart:407:7)
#2      _File._deleteSync (dart:io/file_impl.dart:326:50)
#3      FileSystemEntity.deleteSync (dart:io/file_system_entity.dart:407:7)
#4      ForwardingFileSystemEntity.deleteSync (package:file/src/forwarding/forwarding_file_system_entity.dart:70:16)
#5      ForwardingFileSystemEntity.deleteSync (package:file/src/forwarding/forwarding_file_system_entity.dart:70:16)
#6      ErrorHandlingFileSystem.deleteIfExists (package:flutter_tools/src/base/error_handling_io.dart:84:14)
#7      ErrorHandlingFile.copySync.<anonymous closure> (package:flutter_tools/src/base/error_handling_io.dart:361:33)
#8      _runSync (package:flutter_tools/src/base/error_handling_io.dart:600:14)
#9      ErrorHandlingFile.copySync (package:flutter_tools/src/base/error_handling_io.dart:345:5)
#10     Template.render.<anonymous closure> (package:flutter_tools/src/template.dart:379:18)
#11     _LinkedHashMapMixin.forEach (dart:collection-patch/compact_hash.dart:633:13)
#12     Template.render (package:flutter_tools/src/template.dart:281:24)
#13     CreateBase.renderMerged (package:flutter_tools/src/commands/create_base.dart:485:21)
<asynchronous suspension>
#14     CreateBase.generateApp (package:flutter_tools/src/commands/create_base.dart:508:23)
<asynchronous suspension>
#15     CreateCommand.runCommand (package:flutter_tools/src/commands/create.dart:369:31)
<asynchronous suspension>
#16     FlutterCommand.run.<anonymous closure> (package:flutter_tools/src/runner/flutter_command.dart:1408:27)
<asynchronous suspension>
#17     AppContext.run.<anonymous closure> (package:flutter_tools/src/base/context.dart:153:19)
<asynchronous suspension>
#18     CommandRunner.runCommand (package:args/command_runner.dart:212:13)
<asynchronous suspension>
#19     FlutterCommandRunner.runCommand.<anonymous closure> (package:flutter_tools/src/runner/flutter_command_runner.dart:420:9)
<asynchronous suspension>
#20     AppContext.run.<anonymous closure> (package:flutter_tools/src/base/context.dart:153:19)
<asynchronous suspension>
#21     FlutterCommandRunner.runCommand (package:flutter_tools/src/runner/flutter_command_runner.dart:364:5)
<asynchronous suspension>
#22     run.<anonymous closure>.<anonymous closure> (package:flutter_tools/runner.dart:130:9)
<asynchronous suspension>
#23     AppContext.run.<anonymous closure> (package:flutter_tools/src/base/context.dart:153:19)
<asynchronous suspension>
#24     main (package:flutter_tools/executable.dart:93:3)
<asynchronous suspension>
```

## flutter doctor

```
[32m[✓][39m Flutter (Channel stable, 3.24.4, on Microsoft Windows [Version 10.0.26100.6725], locale en-AU)
    [32m•[39m Flutter version 3.24.4 on channel stable at C:\Users\riley\AppData\Local\flutter
    [32m•[39m Upstream repository https://github.com/flutter/flutter.git
    [32m•[39m Framework revision 603104015d (1 year, 5 months ago), 2024-10-24 08:01:25 -0700
    [32m•[39m Engine revision db49896cf2
    [32m•[39m Dart version 3.5.4
    [32m•[39m DevTools version 2.37.3

[32m[✓][39m Windows Version (Installed version of Windows is version 10 or higher)

[33m[!][39m Android toolchain - develop for Android devices (Android SDK version 34.0.0)
    [32m•[39m Android SDK at C:\Users\riley\AppData\Local\Android\sdk
    [32m•[39m Platform android-34, build-tools 34.0.0
    [32m•[39m Java binary at: C:\Program Files\Android\Android Studio\jbr\bin\java
    [32m•[39m Java version OpenJDK Runtime Environment (build 21.0.3+-12282718-b509.11)
    [33m![39m Some Android licenses not accepted. To resolve this, run: flutter doctor --android-licenses

[32m[✓][39m Chrome - develop for the web
    [32m•[39m Chrome at C:\Program Files\Google\Chrome\Application\chrome.exe

[31m[✗][39m Visual Studio - develop Windows apps
    [31m✗[39m Visual Studio not installed; this is necessary to develop Windows apps.
      Download at https://visualstudio.microsoft.com/downloads/.
      Please install the "Desktop development with C++" workload, including all of its default components

[32m[✓][39m Android Studio (version 2024.2)
    [32m•[39m Android Studio at C:\Program Files\Android\Android Studio
    [32m•[39m Flutter plugin can be installed from:
      🔨 https://plugins.jetbrains.com/plugin/9212-flutter
    [32m•[39m Dart plugin can be installed from:
      🔨 https://plugins.jetbrains.com/plugin/6351-dart
    [32m•[39m Java version OpenJDK Runtime Environment (build 21.0.3+-12282718-b509.11)

[32m[✓][39m VS Code (version 1.105.1)
    [32m•[39m VS Code at C:\Users\riley\AppData\Local\Programs\Microsoft VS Code
    [32m•[39m Flutter extension version 3.124.0

[32m[✓][39m Connected device (3 available)
    [32m•[39m Windows (desktop) • windows • windows-x64    • Microsoft Windows [Version 10.0.26100.6725]
    [32m•[39m Chrome (web)      • chrome  • web-javascript • Google Chrome 145.0.7632.160
    [32m•[39m Edge (web)        • edge    • web-javascript • Microsoft Edge 146.0.3856.59

[32m[✓][39m Network resources
    [32m•[39m All expected network resources are available.

[33m![39m Doctor found issues in 2 categories.
```
